Using pre-set license
Built from '2021.3/staging' branch; Version is '2021.3.9f1 (ad3870b89536) revision 11352176'; Using compiler version '192829333'; Build Type 'Release'
OS: 'Windows 10  (10.0.19045) 64bit Core' Language: 'en' Physical Memory: 8061 MB
BatchMode: 1, IsHumanControllingUs: 0, StartBugReporterOnCrash: 0, Is64bit: 1, IsPro: 1

COMMAND LINE ARGUMENTS:
C:\Program Files\Unity\Hub\Editor\2021.3.9f1\Editor\Unity.exe
-adb2
-batchMode
-noUpm
-name
AssetImportWorker0
-projectPath
C:/Users/Alloc/Desktop/RUBY/Tutorial Ruby
-logFile
Logs/AssetImportWorker0.log
-srvPort
56931
Successfully changed project path to: C:/Users/Alloc/Desktop/RUBY/Tutorial Ruby
C:/Users/Alloc/Desktop/RUBY/Tutorial Ruby
[UnityMemory] Configuration Parameters - Can be set up in boot.config
    "memorysetup-bucket-allocator-granularity=16"
    "memorysetup-bucket-allocator-bucket-count=8"
    "memorysetup-bucket-allocator-block-size=33554432"
    "memorysetup-bucket-allocator-block-count=8"
    "memorysetup-main-allocator-block-size=16777216"
    "memorysetup-thread-allocator-block-size=16777216"
    "memorysetup-gfx-main-allocator-block-size=16777216"
    "memorysetup-gfx-thread-allocator-block-size=16777216"
    "memorysetup-cache-allocator-block-size=4194304"
    "memorysetup-typetree-allocator-block-size=2097152"
    "memorysetup-profiler-bucket-allocator-granularity=16"
    "memorysetup-profiler-bucket-allocator-bucket-count=8"
    "memorysetup-profiler-bucket-allocator-block-size=33554432"
    "memorysetup-profiler-bucket-allocator-block-count=8"
    "memorysetup-profiler-allocator-block-size=16777216"
    "memorysetup-profiler-editor-allocator-block-size=1048576"
    "memorysetup-temp-allocator-size-main=16777216"
    "memorysetup-job-temp-allocator-block-size=2097152"
    "memorysetup-job-temp-allocator-block-size-background=1048576"
    "memorysetup-job-temp-allocator-reduction-small-platforms=262144"
    "memorysetup-temp-allocator-size-background-worker=32768"
    "memorysetup-temp-allocator-size-job-worker=262144"
    "memorysetup-temp-allocator-size-preload-manager=33554432"
    "memorysetup-temp-allocator-size-nav-mesh-worker=65536"
    "memorysetup-temp-allocator-size-audio-worker=65536"
    "memorysetup-temp-allocator-size-cloud-worker=32768"
    "memorysetup-temp-allocator-size-gi-baking-worker=262144"
    "memorysetup-temp-allocator-size-gfx=262144"
Refreshing native plugins compatible for Editor in 104.48 ms, found 4 plugins.
Preloading 0 native plugins for Editor in 0.00 ms.
Initialize engine version: 2021.3.9f1 (ad3870b89536)
[Subsystems] Discovering subsystems at path C:/Program Files/Unity/Hub/Editor/2021.3.9f1/Editor/Data/Resources/UnitySubsystems
[Subsystems] Discovering subsystems at path C:/Users/Alloc/Desktop/RUBY/Tutorial Ruby/Assets
GfxDevice: creating device client; threaded=0; jobified=0
Direct3D:
    Version:  Direct3D 11.0 [level 11.1]
    Renderer: NVIDIA GeForce GTX 1650 Ti (ID=0x1f95)
    Vendor:   NVIDIA
    VRAM:     3962 MB
    Driver:   30.0.14.7219
Initialize mono
Mono path[0] = 'C:/Program Files/Unity/Hub/Editor/2021.3.9f1/Editor/Data/Managed'
Mono path[1] = 'C:/Program Files/Unity/Hub/Editor/2021.3.9f1/Editor/Data/MonoBleedingEdge/lib/mono/unityjit-win32'
Mono config path = 'C:/Program Files/Unity/Hub/Editor/2021.3.9f1/Editor/Data/MonoBleedingEdge/etc'
Using monoOptions --debugger-agent=transport=dt_socket,embedding=1,server=y,suspend=n,address=127.0.0.1:56124
Begin MonoManager ReloadAssembly
Registering precompiled unity dll's ...
Register platform support module: C:/Program Files/Unity/Hub/Editor/2021.3.9f1/Editor/Data/PlaybackEngines/WebGLSupport/UnityEditor.WebGL.Extensions.dll
Register platform support module: C:/Program Files/Unity/Hub/Editor/2021.3.9f1/Editor/Data/PlaybackEngines/WindowsStandaloneSupport/UnityEditor.WindowsStandalone.Extensions.dll
Register platform support module: C:/Program Files/Unity/Hub/Editor/2021.3.9f1/Editor/Data/PlaybackEngines/MetroSupport/UnityEditor.UWP.Extensions.dll
Registered in 0.009418 seconds.
Native extension for UWP target not found
Native extension for WindowsStandalone target not found
Native extension for WebGL target not found
Refreshing native plugins compatible for Editor in 108.10 ms, found 4 plugins.
Preloading 0 native plugins for Editor in 0.00 ms.
Mono: successfully reloaded assembly
- Completed reload, in  0.714 seconds
Domain Reload Profiling:
	ReloadAssembly (714ms)
		BeginReloadAssembly (81ms)
			ExecutionOrderSort (0ms)
			DisableScriptedObjects (0ms)
			BackupInstance (0ms)
			ReleaseScriptingObjects (0ms)
			CreateAndSetChildDomain (1ms)
		EndReloadAssembly (519ms)
			LoadAssemblies (77ms)
			RebuildTransferFunctionScriptingTraits (0ms)
			SetupTypeCache (117ms)
			ReleaseScriptCaches (0ms)
			RebuildScriptCaches (31ms)
			SetupLoadedEditorAssemblies (314ms)
				LogAssemblyErrors (0ms)
				InitializePlatformSupportModulesInManaged (12ms)
				SetLoadedEditorAssemblies (0ms)
				RefreshPlugins (108ms)
				BeforeProcessingInitializeOnLoad (2ms)
				ProcessInitializeOnLoadAttributes (144ms)
				ProcessInitializeOnLoadMethodAttributes (48ms)
				AfterProcessingInitializeOnLoad (0ms)
				EditorAssembliesLoaded (0ms)
			ExecutionOrderSort2 (0ms)
			AwakeInstancesAfterBackupRestoration (0ms)
Platform modules already initialized, skipping
Registering precompiled user dll's ...
Registered in 0.008788 seconds.
Begin MonoManager ReloadAssembly
Symbol file LoadedFromMemory doesn't match image C:\Users\Alloc\Desktop\RUBY\Tutorial Ruby\Library\PackageCache\com.unity.visualscripting@1.7.8\Editor\VisualScripting.Core\Dependencies\YamlDotNet\Unity.VisualScripting.YamlDotNet.dll
Symbol file LoadedFromMemory doesn't match image C:\Users\Alloc\Desktop\RUBY\Tutorial Ruby\Library\PackageCache\com.unity.visualscripting@1.7.8\Editor\VisualScripting.Core\Dependencies\DotNetZip\Unity.VisualScripting.IonicZip.dll
Native extension for UWP target not found
Native extension for WindowsStandalone target not found
Native extension for WebGL target not found
Refreshing native plugins compatible for Editor in 98.33 ms, found 4 plugins.
Preloading 0 native plugins for Editor in 0.00 ms.
Mono: successfully reloaded assembly
- Completed reload, in  1.566 seconds
Domain Reload Profiling:
	ReloadAssembly (1567ms)
		BeginReloadAssembly (242ms)
			ExecutionOrderSort (0ms)
			DisableScriptedObjects (8ms)
			BackupInstance (0ms)
			ReleaseScriptingObjects (0ms)
			CreateAndSetChildDomain (37ms)
		EndReloadAssembly (1129ms)
			LoadAssemblies (260ms)
			RebuildTransferFunctionScriptingTraits (0ms)
			SetupTypeCache (306ms)
			ReleaseScriptCaches (1ms)
			RebuildScriptCaches (64ms)
			SetupLoadedEditorAssemblies (533ms)
				LogAssemblyErrors (0ms)
				InitializePlatformSupportModulesInManaged (7ms)
				SetLoadedEditorAssemblies (0ms)
				RefreshPlugins (98ms)
				BeforeProcessingInitializeOnLoad (127ms)
				ProcessInitializeOnLoadAttributes (243ms)
				ProcessInitializeOnLoadMethodAttributes (48ms)
				AfterProcessingInitializeOnLoad (9ms)
				EditorAssembliesLoaded (0ms)
			ExecutionOrderSort2 (0ms)
			AwakeInstancesAfterBackupRestoration (6ms)
Platform modules already initialized, skipping
========================================================================
Worker process is ready to serve import requests
Launched and connected shader compiler UnityShaderCompiler.exe after 0.06 seconds
Refreshing native plugins compatible for Editor in 1.13 ms, found 4 plugins.
Preloading 0 native plugins for Editor in 0.00 ms.
Unloading 4106 Unused Serialized files (Serialized files now loaded: 0)
Unloading 45 unused Assets / (223.5 KB). Loaded Objects now: 4555.
Memory consumption went from 152.5 MB to 152.3 MB.
Total: 4.957300 ms (FindLiveObjects: 0.510600 ms CreateObjectMapping: 0.197100 ms MarkObjects: 4.045500 ms  DeleteObjects: 0.202400 ms)

AssetImportParameters requested are different than current active one (requested -> active):
  custom:video-decoder-ogg-theora: a1e56fd34408186e4bbccfd4996cb3dc -> 
  custom:container-muxer-webm: aa71ff27fc2769a1b78a27578f13a17b -> 
  custom:container-demuxer-webm: 4f35f7cbe854078d1ac9338744f61a02 -> 
  custom:video-encoder-webm-vp8: eb34c28f22e8b96e1ab97ce403110664 -> 
  custom:video-codec-MediaFoundation-h265: 746d11721c4dcdbdad8f713fa42b33f4 -> 
  custom:audio-encoder-webm-vorbis: bf7c407c2cedff20999df2af8eb42d56 -> 
  custom:framework-win-MediaFoundation: 216162199b28c13a410421893ffa2e32 -> 
  custom:container-demuxer-ogg: 62fdf1f143b41e24485cea50d1cbac27 -> 
  custom:video-decoder-webm-vp8: 9c59270c3fd7afecdb556c50c9e8de78 -> 
  custom:audio-decoder-ogg-vorbis: bf7c407c2cedff20999df2af8eb42d56 -> 
========================================================================
Received Import Request.
  Time since last request: 16349.510230 seconds.
  path: Assets/RubyController.cs
  artifactKey: Guid(5d34d68ccf8909642a1f3b0a5cdb71c5) Importer(815301076,1909f56bfc062723c751e8b465ee728b)
Start importing Assets/RubyController.cs using Guid(5d34d68ccf8909642a1f3b0a5cdb71c5) Importer(815301076,1909f56bfc062723c751e8b465ee728b)  -> (artifact id: 'c3b46ae03a48f0973b8503d84e0d276b') in 0.038229 seconds 
========================================================================
Received Import Request.
  Time since last request: 199.935877 seconds.
  path: Assets/RubyController.cs
  artifactKey: Guid(5d34d68ccf8909642a1f3b0a5cdb71c5) Importer(815301076,1909f56bfc062723c751e8b465ee728b)
Start importing Assets/RubyController.cs using Guid(5d34d68ccf8909642a1f3b0a5cdb71c5) Importer(815301076,1909f56bfc062723c751e8b465ee728b)  -> (artifact id: '699822de764107a2e3c053764f8c3155') in 0.002583 seconds 
========================================================================
Received Prepare
Registering precompiled user dll's ...
Registered in 0.008259 seconds.
Begin MonoManager ReloadAssembly
Symbol file LoadedFromMemory doesn't match image C:\Users\Alloc\Desktop\RUBY\Tutorial Ruby\Library\PackageCache\com.unity.visualscripting@1.7.8\Editor\VisualScripting.Core\Dependencies\YamlDotNet\Unity.VisualScripting.YamlDotNet.dll
Symbol file LoadedFromMemory doesn't match image C:\Users\Alloc\Desktop\RUBY\Tutorial Ruby\Library\PackageCache\com.unity.visualscripting@1.7.8\Editor\VisualScripting.Core\Dependencies\DotNetZip\Unity.VisualScripting.IonicZip.dll
Native extension for UWP target not found
Native extension for WindowsStandalone target not found
Native extension for WebGL target not found
Refreshing native plugins compatible for Editor in 0.87 ms, found 4 plugins.
Preloading 0 native plugins for Editor in 0.00 ms.
Mono: successfully reloaded assembly
- Completed reload, in  1.043 seconds
Domain Reload Profiling:
	ReloadAssembly (1044ms)
		BeginReloadAssembly (144ms)
			ExecutionOrderSort (0ms)
			DisableScriptedObjects (7ms)
			BackupInstance (0ms)
			ReleaseScriptingObjects (0ms)
			CreateAndSetChildDomain (40ms)
		EndReloadAssembly (790ms)
			LoadAssemblies (101ms)
			RebuildTransferFunctionScriptingTraits (0ms)
			SetupTypeCache (244ms)
			ReleaseScriptCaches (1ms)
			RebuildScriptCaches (44ms)
			SetupLoadedEditorAssemblies (357ms)
				LogAssemblyErrors (0ms)
				InitializePlatformSupportModulesInManaged (17ms)
				SetLoadedEditorAssemblies (0ms)
				RefreshPlugins (1ms)
				BeforeProcessingInitializeOnLoad (85ms)
				ProcessInitializeOnLoadAttributes (205ms)
				ProcessInitializeOnLoadMethodAttributes (40ms)
				AfterProcessingInitializeOnLoad (9ms)
				EditorAssembliesLoaded (0ms)
			ExecutionOrderSort2 (0ms)
			AwakeInstancesAfterBackupRestoration (8ms)
Platform modules already initialized, skipping
Refreshing native plugins compatible for Editor in 3.11 ms, found 4 plugins.
Preloading 0 native plugins for Editor in 0.00 ms.
Unloading 4100 Unused Serialized files (Serialized files now loaded: 0)
Unloading 33 unused Assets / (190.5 KB). Loaded Objects now: 4557.
Memory consumption went from 152.4 MB to 152.3 MB.
Total: 4.278200 ms (FindLiveObjects: 0.701200 ms CreateObjectMapping: 0.230900 ms MarkObjects: 3.141200 ms  DeleteObjects: 0.203300 ms)

AssetImportParameters requested are different than current active one (requested -> active):
  custom:video-decoder-ogg-theora: a1e56fd34408186e4bbccfd4996cb3dc -> 
  custom:container-muxer-webm: aa71ff27fc2769a1b78a27578f13a17b -> 
  custom:container-demuxer-webm: 4f35f7cbe854078d1ac9338744f61a02 -> 
  custom:video-encoder-webm-vp8: eb34c28f22e8b96e1ab97ce403110664 -> 
  custom:video-codec-MediaFoundation-h265: 746d11721c4dcdbdad8f713fa42b33f4 -> 
  custom:audio-encoder-webm-vorbis: bf7c407c2cedff20999df2af8eb42d56 -> 
  custom:framework-win-MediaFoundation: 216162199b28c13a410421893ffa2e32 -> 
  custom:container-demuxer-ogg: 62fdf1f143b41e24485cea50d1cbac27 -> 
  custom:video-decoder-webm-vp8: 9c59270c3fd7afecdb556c50c9e8de78 -> 
  custom:audio-decoder-ogg-vorbis: bf7c407c2cedff20999df2af8eb42d56 -> 
========================================================================
Received Prepare
Registering precompiled user dll's ...
Registered in 0.010572 seconds.
Begin MonoManager ReloadAssembly
Symbol file LoadedFromMemory doesn't match image C:\Users\Alloc\Desktop\RUBY\Tutorial Ruby\Library\PackageCache\com.unity.visualscripting@1.7.8\Editor\VisualScripting.Core\Dependencies\YamlDotNet\Unity.VisualScripting.YamlDotNet.dll
Symbol file LoadedFromMemory doesn't match image C:\Users\Alloc\Desktop\RUBY\Tutorial Ruby\Library\PackageCache\com.unity.visualscripting@1.7.8\Editor\VisualScripting.Core\Dependencies\DotNetZip\Unity.VisualScripting.IonicZip.dll
Native extension for UWP target not found
Native extension for WindowsStandalone target not found
Native extension for WebGL target not found
Refreshing native plugins compatible for Editor in 0.92 ms, found 4 plugins.
Preloading 0 native plugins for Editor in 0.00 ms.
Mono: successfully reloaded assembly
- Completed reload, in  1.060 seconds
Domain Reload Profiling:
	ReloadAssembly (1061ms)
		BeginReloadAssembly (141ms)
			ExecutionOrderSort (0ms)
			DisableScriptedObjects (6ms)
			BackupInstance (0ms)
			ReleaseScriptingObjects (0ms)
			CreateAndSetChildDomain (40ms)
		EndReloadAssembly (810ms)
			LoadAssemblies (105ms)
			RebuildTransferFunctionScriptingTraits (0ms)
			SetupTypeCache (245ms)
			ReleaseScriptCaches (2ms)
			RebuildScriptCaches (46ms)
			SetupLoadedEditorAssemblies (367ms)
				LogAssemblyErrors (0ms)
				InitializePlatformSupportModulesInManaged (16ms)
				SetLoadedEditorAssemblies (0ms)
				RefreshPlugins (1ms)
				BeforeProcessingInitializeOnLoad (86ms)
				ProcessInitializeOnLoadAttributes (211ms)
				ProcessInitializeOnLoadMethodAttributes (41ms)
				AfterProcessingInitializeOnLoad (11ms)
				EditorAssembliesLoaded (0ms)
			ExecutionOrderSort2 (0ms)
			AwakeInstancesAfterBackupRestoration (9ms)
Platform modules already initialized, skipping
Refreshing native plugins compatible for Editor in 3.23 ms, found 4 plugins.
Preloading 0 native plugins for Editor in 0.00 ms.
Unloading 4100 Unused Serialized files (Serialized files now loaded: 0)
Unloading 32 unused Assets / (190.6 KB). Loaded Objects now: 4560.
Memory consumption went from 152.4 MB to 152.3 MB.
Total: 4.115800 ms (FindLiveObjects: 0.399400 ms CreateObjectMapping: 0.200900 ms MarkObjects: 3.321600 ms  DeleteObjects: 0.192500 ms)

AssetImportParameters requested are different than current active one (requested -> active):
  custom:video-decoder-ogg-theora: a1e56fd34408186e4bbccfd4996cb3dc -> 
  custom:container-muxer-webm: aa71ff27fc2769a1b78a27578f13a17b -> 
  custom:container-demuxer-webm: 4f35f7cbe854078d1ac9338744f61a02 -> 
  custom:video-encoder-webm-vp8: eb34c28f22e8b96e1ab97ce403110664 -> 
  custom:video-codec-MediaFoundation-h265: 746d11721c4dcdbdad8f713fa42b33f4 -> 
  custom:audio-encoder-webm-vorbis: bf7c407c2cedff20999df2af8eb42d56 -> 
  custom:framework-win-MediaFoundation: 216162199b28c13a410421893ffa2e32 -> 
  custom:container-demuxer-ogg: 62fdf1f143b41e24485cea50d1cbac27 -> 
  custom:video-decoder-webm-vp8: 9c59270c3fd7afecdb556c50c9e8de78 -> 
  custom:audio-decoder-ogg-vorbis: bf7c407c2cedff20999df2af8eb42d56 -> 
========================================================================
Received Import Request.
  Time since last request: 569.008054 seconds.
  path: Assets/Art
  artifactKey: Guid(6dfb1aa8eed8fc841991cdc878368e20) Importer(815301076,1909f56bfc062723c751e8b465ee728b)
Start importing Assets/Art using Guid(6dfb1aa8eed8fc841991cdc878368e20) Importer(815301076,1909f56bfc062723c751e8b465ee728b)  -> (artifact id: '3301f877124d0ff7f742c1f4292383f0') in 0.195357 seconds 
========================================================================
Received Import Request.
  Time since last request: 0.133954 seconds.
  path: Assets/Art/Animations
  artifactKey: Guid(c2511782ee2ec2049bd34dd5311d72e0) Importer(815301076,1909f56bfc062723c751e8b465ee728b)
Start importing Assets/Art/Animations using Guid(c2511782ee2ec2049bd34dd5311d72e0) Importer(815301076,1909f56bfc062723c751e8b465ee728b)  -> (artifact id: '15d4c1ae2b6f8bf7cc8c7ac230d3d20d') in 0.064694 seconds 
========================================================================
Received Import Request.
  Time since last request: 0.601665 seconds.
  path: Assets/Art/Animations/AnimationClips
  artifactKey: Guid(2dceb00d54b369d4889d2daf5a884a57) Importer(815301076,1909f56bfc062723c751e8b465ee728b)
Start importing Assets/Art/Animations/AnimationClips using Guid(2dceb00d54b369d4889d2daf5a884a57) Importer(815301076,1909f56bfc062723c751e8b465ee728b)  -> (artifact id: 'fc4411c43b9e9902c2866a9fe9297a4e') in 0.007917 seconds 
========================================================================
Received Import Request.
  Time since last request: 0.781668 seconds.
  path: Assets/Art/Animations/AnimationClips/Player
  artifactKey: Guid(f3cc884ead1a9b844804335eddacc621) Importer(815301076,1909f56bfc062723c751e8b465ee728b)
Start importing Assets/Art/Animations/AnimationClips/Player using Guid(f3cc884ead1a9b844804335eddacc621) Importer(815301076,1909f56bfc062723c751e8b465ee728b)  -> (artifact id: '8643929ff7ea1b000fac5a71c68edca4') in 0.003613 seconds 
========================================================================
Received Import Request.
  Time since last request: 4.163440 seconds.
  path: Assets/Art/Sprites
  artifactKey: Guid(393943900ba2b6c4cb80f5e4a5d0806c) Importer(815301076,1909f56bfc062723c751e8b465ee728b)
Start importing Assets/Art/Sprites using Guid(393943900ba2b6c4cb80f5e4a5d0806c) Importer(815301076,1909f56bfc062723c751e8b465ee728b)  -> (artifact id: '3a0dadb8d0a7998eceb741972cfac6ed') in 0.012530 seconds 
========================================================================
Received Import Request.
  Time since last request: 0.937773 seconds.
  path: Assets/Art/Sprites/Environmnent/Damageable.png
  artifactKey: Guid(0e15259342e82ee4f813807e5b28c0f3) Importer(815301076,1909f56bfc062723c751e8b465ee728b)
Start importing Assets/Art/Sprites/Environmnent/Damageable.png using Guid(0e15259342e82ee4f813807e5b28c0f3) Importer(815301076,1909f56bfc062723c751e8b465ee728b)  -> (artifact id: '208b03ee3e03807b7805638327531f18') in 1.838039 seconds 
========================================================================
Received Import Request.
  Time since last request: 0.000033 seconds.
  path: Assets/Art/Sprites/Environmnent/TreeForeground.png
  artifactKey: Guid(e059f0fb3f4af3e47b60d322bf43a7d6) Importer(815301076,1909f56bfc062723c751e8b465ee728b)
Start importing Assets/Art/Sprites/Environmnent/TreeForeground.png using Guid(e059f0fb3f4af3e47b60d322bf43a7d6) Importer(815301076,1909f56bfc062723c751e8b465ee728b)  -> (artifact id: '44902cb8effb45c586edbcbe487c8f05') in 0.023311 seconds 
========================================================================
Received Import Request.
  Time since last request: 0.000053 seconds.
  path: Assets/Art/Sprites/Environmnent
  artifactKey: Guid(28623518bdb8e8143808c62674fcffc3) Importer(815301076,1909f56bfc062723c751e8b465ee728b)
Start importing Assets/Art/Sprites/Environmnent using Guid(28623518bdb8e8143808c62674fcffc3) Importer(815301076,1909f56bfc062723c751e8b465ee728b)  -> (artifact id: 'c93f5cc3be115ec5fe0e5bb6b0fa6bbe') in 0.007414 seconds 
========================================================================
Received Import Request.
  Time since last request: 0.000041 seconds.
  path: Assets/Art/Sprites/Environmnent/FloorBricksToGrassCorner.png
  artifactKey: Guid(2ff4c9799e22f1b4c95766cc11f47530) Importer(815301076,1909f56bfc062723c751e8b465ee728b)
Start importing Assets/Art/Sprites/Environmnent/FloorBricksToGrassCorner.png using Guid(2ff4c9799e22f1b4c95766cc11f47530) Importer(815301076,1909f56bfc062723c751e8b465ee728b)  -> (artifact id: 'c4bdf9ac8a5afd1a4933d749cc99eb6a') in 0.021054 seconds 
========================================================================
Received Import Request.
  Time since last request: 0.000027 seconds.
  path: Assets/Art/Sprites/Environmnent/TreeBig2.png
  artifactKey: Guid(36d4547ce489e7041990fd8545a07142) Importer(815301076,1909f56bfc062723c751e8b465ee728b)
Start importing Assets/Art/Sprites/Environmnent/TreeBig2.png using Guid(36d4547ce489e7041990fd8545a07142) Importer(815301076,1909f56bfc062723c751e8b465ee728b)  -> (artifact id: '86b0188d29f0cf2b2335a397c6b08b7d') in 0.022927 seconds 
========================================================================
Received Import Request.
  Time since last request: 0.000026 seconds.
  path: Assets/Art/Sprites/Environmnent/TreeLittle.png
  artifactKey: Guid(87d9eec357f7dc14286677f38287ad9e) Importer(815301076,1909f56bfc062723c751e8b465ee728b)
Start importing Assets/Art/Sprites/Environmnent/TreeLittle.png using Guid(87d9eec357f7dc14286677f38287ad9e) Importer(815301076,1909f56bfc062723c751e8b465ee728b)  -> (artifact id: '9e90cb5f08e254db1f61132c5d3d88db') in 0.021963 seconds 
========================================================================
Received Import Request.
  Time since last request: 0.000024 seconds.
  path: Assets/Art/Sprites/Environmnent/TelegraphPost.png
  artifactKey: Guid(28b3c26f6746b7943aa1168e3c52c292) Importer(815301076,1909f56bfc062723c751e8b465ee728b)
Start importing Assets/Art/Sprites/Environmnent/TelegraphPost.png using Guid(28b3c26f6746b7943aa1168e3c52c292) Importer(815301076,1909f56bfc062723c751e8b465ee728b)  -> (artifact id: 'c81989632af17b1360713e4ad545e900') in 0.029518 seconds 
========================================================================
Received Import Request.
  Time since last request: 0.000031 seconds.
  path: Assets/Art/Sprites/Environmnent/TreeBig1.png
  artifactKey: Guid(f0cd5ad89953643408db63f9a8c50027) Importer(815301076,1909f56bfc062723c751e8b465ee728b)
Start importing Assets/Art/Sprites/Environmnent/TreeBig1.png using Guid(f0cd5ad89953643408db63f9a8c50027) Importer(815301076,1909f56bfc062723c751e8b465ee728b)  -> (artifact id: '63c0a674e8c03d84d0c1430afac25858') in 0.023305 seconds 
========================================================================
Received Import Request.
  Time since last request: 0.000030 seconds.
  path: Assets/Art/Sprites/Environmnent/FloorGrassToBricksCorner.png
  artifactKey: Guid(df0b6f9e93b65bc4792e6cf7849c5e37) Importer(815301076,1909f56bfc062723c751e8b465ee728b)
Start importing Assets/Art/Sprites/Environmnent/FloorGrassToBricksCorner.png using Guid(df0b6f9e93b65bc4792e6cf7849c5e37) Importer(815301076,1909f56bfc062723c751e8b465ee728b)  -> (artifact id: '4c1d6aca651ec151f39b3e38f989dfef') in 0.020734 seconds 
========================================================================
Received Import Request.
  Time since last request: 0.000033 seconds.
  path: Assets/Art/Sprites/Environmnent/FloorWaterRoundCorners.png
  artifactKey: Guid(957383e82ad8601499ca4cac1dd1214a) Importer(815301076,1909f56bfc062723c751e8b465ee728b)
Start importing Assets/Art/Sprites/Environmnent/FloorWaterRoundCorners.png using Guid(957383e82ad8601499ca4cac1dd1214a) Importer(815301076,1909f56bfc062723c751e8b465ee728b)  -> (artifact id: '920c4066408a44b50e7c0fddfc67a55e') in 0.022738 seconds 
========================================================================
Received Import Request.
  Time since last request: 0.000040 seconds.
  path: Assets/Art/Sprites/Environmnent/Mushrooms.png
  artifactKey: Guid(6acbda5bb54c19b4eb60c2674048dac2) Importer(815301076,1909f56bfc062723c751e8b465ee728b)
Start importing Assets/Art/Sprites/Environmnent/Mushrooms.png using Guid(6acbda5bb54c19b4eb60c2674048dac2) Importer(815301076,1909f56bfc062723c751e8b465ee728b)  -> (artifact id: 'ede6274bbde31da09f74bfc8eb72a201') in 0.017925 seconds 
========================================================================
Received Import Request.
  Time since last request: 0.000041 seconds.
  path: Assets/Art/Sprites/Environmnent/TreeShadow.png
  artifactKey: Guid(8640aa53d8475c5409471adcb65826a5) Importer(815301076,1909f56bfc062723c751e8b465ee728b)
Start importing Assets/Art/Sprites/Environmnent/TreeShadow.png using Guid(8640aa53d8475c5409471adcb65826a5) Importer(815301076,1909f56bfc062723c751e8b465ee728b)  -> (artifact id: '7e87dcbc485f5953be924b50f72a9826') in 0.032872 seconds 
========================================================================
Received Import Request.
  Time since last request: 0.000032 seconds.
  path: Assets/Art/Sprites/Environmnent/House.png
  artifactKey: Guid(f27ebbf5c345352429b99a3dec7ae33e) Importer(815301076,1909f56bfc062723c751e8b465ee728b)
Start importing Assets/Art/Sprites/Environmnent/House.png using Guid(f27ebbf5c345352429b99a3dec7ae33e) Importer(815301076,1909f56bfc062723c751e8b465ee728b)  -> (artifact id: '4ee4207b1fbbdac50390939b5f92ae71') in 0.062740 seconds 
========================================================================
Received Import Request.
  Time since last request: 0.000029 seconds.
  path: Assets/Art/Sprites/Environmnent/FloorGrassToBricksSquare.png
  artifactKey: Guid(ae39c96545143eb41b1618200a550c81) Importer(815301076,1909f56bfc062723c751e8b465ee728b)
Start importing Assets/Art/Sprites/Environmnent/FloorGrassToBricksSquare.png using Guid(ae39c96545143eb41b1618200a550c81) Importer(815301076,1909f56bfc062723c751e8b465ee728b)  -> (artifact id: '31bfc2bdab31a69361136048b156e774') in 0.020900 seconds 
========================================================================
Received Import Request.
  Time since last request: 0.000022 seconds.
  path: Assets/Art/Sprites/Environmnent/LotusFlower.png
  artifactKey: Guid(010b5c856073f70428956b10534fd3a6) Importer(815301076,1909f56bfc062723c751e8b465ee728b)
Start importing Assets/Art/Sprites/Environmnent/LotusFlower.png using Guid(010b5c856073f70428956b10534fd3a6) Importer(815301076,1909f56bfc062723c751e8b465ee728b)  -> (artifact id: '78696dfe96b6c576671e94e72a869f42') in 0.021842 seconds 
========================================================================
Received Import Request.
  Time since last request: 0.000037 seconds.
  path: Assets/Art/Sprites/Environmnent/FloorBricksToGrassSquare.png
  artifactKey: Guid(2e6ecdf01ba70e3489b17b3f6525fec2) Importer(815301076,1909f56bfc062723c751e8b465ee728b)
Start importing Assets/Art/Sprites/Environmnent/FloorBricksToGrassSquare.png using Guid(2e6ecdf01ba70e3489b17b3f6525fec2) Importer(815301076,1909f56bfc062723c751e8b465ee728b)  -> (artifact id: '61297c70581ba49584539d7aeecf0c4c') in 0.020981 seconds 
========================================================================
Received Import Request.
  Time since last request: 0.000030 seconds.
  path: Assets/Art/Sprites/Environmnent/FloorWaterSquareCorners.png
  artifactKey: Guid(56dfe645f43c419458abb426118088e5) Importer(815301076,1909f56bfc062723c751e8b465ee728b)
Start importing Assets/Art/Sprites/Environmnent/FloorWaterSquareCorners.png using Guid(56dfe645f43c419458abb426118088e5) Importer(815301076,1909f56bfc062723c751e8b465ee728b)  -> (artifact id: '6429db34d25766f310c8ecce06b478b7') in 0.021437 seconds 
========================================================================
Received Import Request.
  Time since last request: 0.000036 seconds.
  path: Assets/Art/Sprites/Environmnent/MetalCube.png
  artifactKey: Guid(b9244d299d06eea4fa3e8b8b6da46af5) Importer(815301076,1909f56bfc062723c751e8b465ee728b)
Start importing Assets/Art/Sprites/Environmnent/MetalCube.png using Guid(b9244d299d06eea4fa3e8b8b6da46af5) Importer(815301076,1909f56bfc062723c751e8b465ee728b)  -> (artifact id: '46c03ff24503a33cc5de5877fc19eabd') in 0.019820 seconds 
========================================================================
Received Import Request.
  Time since last request: 0.000052 seconds.
  path: Assets/Art/Sprites/Environmnent/GrassSmall.png
  artifactKey: Guid(8f629954bb45aa74a8bf21f8e6b95975) Importer(815301076,1909f56bfc062723c751e8b465ee728b)
Start importing Assets/Art/Sprites/Environmnent/GrassSmall.png using Guid(8f629954bb45aa74a8bf21f8e6b95975) Importer(815301076,1909f56bfc062723c751e8b465ee728b)  -> (artifact id: '2e6138867abbe50b640f4c992e164e9b') in 0.020891 seconds 
========================================================================
Received Import Request.
  Time since last request: 0.000038 seconds.
  path: Assets/Art/Sprites/Environmnent/TreeBig3.png
  artifactKey: Guid(1d50d21b43458424aa7759b50224c034) Importer(815301076,1909f56bfc062723c751e8b465ee728b)
Start importing Assets/Art/Sprites/Environmnent/TreeBig3.png using Guid(1d50d21b43458424aa7759b50224c034) Importer(815301076,1909f56bfc062723c751e8b465ee728b)  -> (artifact id: 'b5801ae660566c52ed0d5aeca5c1cbed') in 0.024461 seconds 
========================================================================
Received Import Request.
  Time since last request: 136.876720 seconds.
  path: Assets/Audio
  artifactKey: Guid(7da7678ca2b88714593c8249c4c35969) Importer(815301076,1909f56bfc062723c751e8b465ee728b)
Start importing Assets/Audio using Guid(7da7678ca2b88714593c8249c4c35969) Importer(815301076,1909f56bfc062723c751e8b465ee728b)  -> (artifact id: '28e390d47af6ffc8ea91498ae845a88f') in 0.006925 seconds 
========================================================================
Received Import Request.
  Time since last request: 215.591243 seconds.
  path: Assets/GamePalette.prefab
  artifactKey: Guid(9de1787a0d9d79946b8847da53f9f971) Importer(815301076,1909f56bfc062723c751e8b465ee728b)
Start importing Assets/GamePalette.prefab using Guid(9de1787a0d9d79946b8847da53f9f971) Importer(815301076,1909f56bfc062723c751e8b465ee728b)  -> (artifact id: '2b3291de8a92568695ad03464e8d295c') in 0.304731 seconds 
========================================================================
Received Import Request.
  Time since last request: 335.107159 seconds.
  path: Assets/floor.png
  artifactKey: Guid(4740b013801eb68439eebb1730439b75) Importer(815301076,1909f56bfc062723c751e8b465ee728b)
Start importing Assets/floor.png using Guid(4740b013801eb68439eebb1730439b75) Importer(815301076,1909f56bfc062723c751e8b465ee728b)  -> (artifact id: 'd8ac7db0e70569e9fb188366e7ec2308') in 0.025716 seconds 
========================================================================
Received Import Request.
  Time since last request: 41.752557 seconds.
  path: Assets/Tiles/DrainFloor.asset
  artifactKey: Guid(9c9017e9fd9a0ab4581859b96f52d604) Importer(815301076,1909f56bfc062723c751e8b465ee728b)
Start importing Assets/Tiles/DrainFloor.asset using Guid(9c9017e9fd9a0ab4581859b96f52d604) Importer(815301076,1909f56bfc062723c751e8b465ee728b)  -> (artifact id: 'e6d353ce41da3e250abcb234e8d0da46') in 0.054146 seconds 
========================================================================
Received Import Request.
  Time since last request: 0.000039 seconds.
  path: Assets/Tiles/GamePalette.prefab
  artifactKey: Guid(9de1787a0d9d79946b8847da53f9f971) Importer(815301076,1909f56bfc062723c751e8b465ee728b)
Start importing Assets/Tiles/GamePalette.prefab using Guid(9de1787a0d9d79946b8847da53f9f971) Importer(815301076,1909f56bfc062723c751e8b465ee728b)  -> (artifact id: '9abdea854d7a514806b3c7d2da9d7a8b') in 0.036550 seconds 
========================================================================
Received Import Request.
  Time since last request: 0.000034 seconds.
  path: Assets/Tiles/floor 3.asset
  artifactKey: Guid(4aca3a4f06666c3429b4011a02610014) Importer(815301076,1909f56bfc062723c751e8b465ee728b)
Start importing Assets/Tiles/floor 3.asset using Guid(4aca3a4f06666c3429b4011a02610014) Importer(815301076,1909f56bfc062723c751e8b465ee728b)  -> (artifact id: '027abb4eb44817fb09ef8d44a666097c') in 0.029298 seconds 
========================================================================
Received Import Request.
  Time since last request: 0.000024 seconds.
  path: Assets/Tiles/Floor.asset
  artifactKey: Guid(d5f36e1dd6a5ca849a1d2bb9f3ea9502) Importer(815301076,1909f56bfc062723c751e8b465ee728b)
Start importing Assets/Tiles/Floor.asset using Guid(d5f36e1dd6a5ca849a1d2bb9f3ea9502) Importer(815301076,1909f56bfc062723c751e8b465ee728b)  -> (artifact id: '4fd9d59bc2cca46c44671ae0a57b6847') in 0.018478 seconds 
========================================================================
Received Import Request.
  Time since last request: 0.000030 seconds.
  path: Assets/Tiles/Floor 4.asset
  artifactKey: Guid(6e849088bf8f6d748a3f604516d1c703) Importer(815301076,1909f56bfc062723c751e8b465ee728b)
Start importing Assets/Tiles/Floor 4.asset using Guid(6e849088bf8f6d748a3f604516d1c703) Importer(815301076,1909f56bfc062723c751e8b465ee728b)  -> (artifact id: 'e77e0a3f52ad7e6b56d8e5cd097f53d8') in 0.019809 seconds 
========================================================================
Received Import Request.
  Time since last request: 0.000035 seconds.
  path: Assets/Tiles/Floor 6.asset
  artifactKey: Guid(0b988c8bd6128b14d96d933a679a07d9) Importer(815301076,1909f56bfc062723c751e8b465ee728b)
Start importing Assets/Tiles/Floor 6.asset using Guid(0b988c8bd6128b14d96d933a679a07d9) Importer(815301076,1909f56bfc062723c751e8b465ee728b)  -> (artifact id: 'e23a85cd02d51efe7deff37005b1cab4') in 0.048105 seconds 
========================================================================
Received Import Request.
  Time since last request: 0.000027 seconds.
  path: Assets/Tiles/Floor 5.asset
  artifactKey: Guid(5ad793f948bf67e4aaadf7caeaca0ec8) Importer(815301076,1909f56bfc062723c751e8b465ee728b)
Start importing Assets/Tiles/Floor 5.asset using Guid(5ad793f948bf67e4aaadf7caeaca0ec8) Importer(815301076,1909f56bfc062723c751e8b465ee728b)  -> (artifact id: 'e769e722c15de1463295c1540b5c7853') in 0.018418 seconds 
========================================================================
Received Import Request.
  Time since last request: 0.000030 seconds.
  path: Assets/Tiles/Grass.asset
  artifactKey: Guid(b87e03013a804ff468f0f61a6c3040e8) Importer(815301076,1909f56bfc062723c751e8b465ee728b)
Start importing Assets/Tiles/Grass.asset using Guid(b87e03013a804ff468f0f61a6c3040e8) Importer(815301076,1909f56bfc062723c751e8b465ee728b)  -> (artifact id: 'c284353ef1374b0bee6d73dd677346af') in 0.013121 seconds 
========================================================================
Received Import Request.
  Time since last request: 191.654493 seconds.
  path: Assets/Tiles/GamePalette.prefab
  artifactKey: Guid(9de1787a0d9d79946b8847da53f9f971) Importer(815301076,1909f56bfc062723c751e8b465ee728b)
Start importing Assets/Tiles/GamePalette.prefab using Guid(9de1787a0d9d79946b8847da53f9f971) Importer(815301076,1909f56bfc062723c751e8b465ee728b)  -> (artifact id: 'd5d34bdd15b0f524310ff77d67de73e4') in 0.049840 seconds 
========================================================================
Received Import Request.
  Time since last request: 17.737649 seconds.
  path: Assets/Tiles/GamePalette.prefab
  artifactKey: Guid(9de1787a0d9d79946b8847da53f9f971) Importer(815301076,1909f56bfc062723c751e8b465ee728b)
Start importing Assets/Tiles/GamePalette.prefab using Guid(9de1787a0d9d79946b8847da53f9f971) Importer(815301076,1909f56bfc062723c751e8b465ee728b)  -> (artifact id: '11c3c3b976746ec3d414029d89cc769d') in 0.023455 seconds 
========================================================================
Received Import Request.
  Time since last request: 8.607578 seconds.
  path: Assets/Tiles/GamePalette.prefab
  artifactKey: Guid(9de1787a0d9d79946b8847da53f9f971) Importer(815301076,1909f56bfc062723c751e8b465ee728b)
Start importing Assets/Tiles/GamePalette.prefab using Guid(9de1787a0d9d79946b8847da53f9f971) Importer(815301076,1909f56bfc062723c751e8b465ee728b)  -> (artifact id: '8629d5d091fc34508dffa9b31502b445') in 0.109060 seconds 
========================================================================
Received Import Request.
  Time since last request: 14.381756 seconds.
  path: Assets/Tiles/GamePalette.prefab
  artifactKey: Guid(9de1787a0d9d79946b8847da53f9f971) Importer(815301076,1909f56bfc062723c751e8b465ee728b)
Start importing Assets/Tiles/GamePalette.prefab using Guid(9de1787a0d9d79946b8847da53f9f971) Importer(815301076,1909f56bfc062723c751e8b465ee728b)  -> (artifact id: 'f1683b93a6c351ab7070a1f6d6447a3d') in 0.023301 seconds 
========================================================================
Received Import Request.
  Time since last request: 61.014467 seconds.
  path: Assets/GamePalette.prefab
  artifactKey: Guid(bfecad21f0dde164c8739fdc16da01bd) Importer(815301076,1909f56bfc062723c751e8b465ee728b)
Start importing Assets/GamePalette.prefab using Guid(bfecad21f0dde164c8739fdc16da01bd) Importer(815301076,1909f56bfc062723c751e8b465ee728b)  -> (artifact id: '34153e54dce82e2425636c1d7035eb06') in 0.024286 seconds 
========================================================================
Received Import Request.
  Time since last request: 217.372943 seconds.
  path: Assets/Tile/Floor.asset
  artifactKey: Guid(7b6388dc7dafd7c42ae874d71741ec35) Importer(815301076,1909f56bfc062723c751e8b465ee728b)
Start importing Assets/Tile/Floor.asset using Guid(7b6388dc7dafd7c42ae874d71741ec35) Importer(815301076,1909f56bfc062723c751e8b465ee728b)  -> (artifact id: 'a35c11d40bec838fcc23542a8290ce9c') in 0.014568 seconds 
========================================================================
Received Import Request.
  Time since last request: 84.146384 seconds.
  path: Assets/Tile/GamePalette.prefab
  artifactKey: Guid(bfecad21f0dde164c8739fdc16da01bd) Importer(815301076,1909f56bfc062723c751e8b465ee728b)
Start importing Assets/Tile/GamePalette.prefab using Guid(bfecad21f0dde164c8739fdc16da01bd) Importer(815301076,1909f56bfc062723c751e8b465ee728b)  -> (artifact id: 'f5ea20b48c5a3a72ea0d4cde8197455e') in 0.051266 seconds 
========================================================================
Received Import Request.
  Time since last request: 68.959563 seconds.
  path: Assets/Tile/GamePalette.prefab
  artifactKey: Guid(bfecad21f0dde164c8739fdc16da01bd) Importer(815301076,1909f56bfc062723c751e8b465ee728b)
Start importing Assets/Tile/GamePalette.prefab using Guid(bfecad21f0dde164c8739fdc16da01bd) Importer(815301076,1909f56bfc062723c751e8b465ee728b)  -> (artifact id: '026bec84e90e232efcc68c890a7bfdae') in 0.019141 seconds 
========================================================================
Received Import Request.
  Time since last request: 3.648295 seconds.
  path: Assets/Tile/GamePalette.prefab
  artifactKey: Guid(bfecad21f0dde164c8739fdc16da01bd) Importer(815301076,1909f56bfc062723c751e8b465ee728b)
Start importing Assets/Tile/GamePalette.prefab using Guid(bfecad21f0dde164c8739fdc16da01bd) Importer(815301076,1909f56bfc062723c751e8b465ee728b)  -> (artifact id: '8984ae5542932d4740fa964226420758') in 0.011521 seconds 
========================================================================
Received Import Request.
  Time since last request: 5.540998 seconds.
  path: Assets/Tile
  artifactKey: Guid(9f3653c393afa374586880aba3fd9ad3) Importer(815301076,1909f56bfc062723c751e8b465ee728b)
Start importing Assets/Tile using Guid(9f3653c393afa374586880aba3fd9ad3) Importer(815301076,1909f56bfc062723c751e8b465ee728b)  -> (artifact id: '16afde49e67ae1d8802c043431f306d9') in 0.006632 seconds 
========================================================================
Received Import Request.
  Time since last request: 58.147804 seconds.
  path: Assets/floor.png
  artifactKey: Guid(bf20f34466cfa8242afff1d29d036e75) Importer(815301076,1909f56bfc062723c751e8b465ee728b)
Start importing Assets/floor.png using Guid(bf20f34466cfa8242afff1d29d036e75) Importer(815301076,1909f56bfc062723c751e8b465ee728b)  -> (artifact id: '5348c80fa8bcd12798a3b5611a9179b6') in 0.032170 seconds 
========================================================================
Received Import Request.
  Time since last request: 89.711603 seconds.
  path: Assets/GamePalette.prefab
  artifactKey: Guid(55ba1c2e4159a0943a64b90962ced315) Importer(815301076,1909f56bfc062723c751e8b465ee728b)
Start importing Assets/GamePalette.prefab using Guid(55ba1c2e4159a0943a64b90962ced315) Importer(815301076,1909f56bfc062723c751e8b465ee728b)  -> (artifact id: 'e2664340532149dd0e286c4c95f82bb7') in 0.020152 seconds 
========================================================================
Received Import Request.
  Time since last request: 16.368334 seconds.
  path: Assets/floor.asset
  artifactKey: Guid(137b337c740c9a842b757ed7339880fa) Importer(815301076,1909f56bfc062723c751e8b465ee728b)
Start importing Assets/floor.asset using Guid(137b337c740c9a842b757ed7339880fa) Importer(815301076,1909f56bfc062723c751e8b465ee728b)  -> (artifact id: 'f384198c874033e31c01156e8c64a00c') in 0.022654 seconds 
========================================================================
Received Import Request.
  Time since last request: 391.825208 seconds.
  path: Assets/floor.asset
  artifactKey: Guid(137b337c740c9a842b757ed7339880fa) Importer(815301076,1909f56bfc062723c751e8b465ee728b)
Start importing Assets/floor.asset using Guid(137b337c740c9a842b757ed7339880fa) Importer(815301076,1909f56bfc062723c751e8b465ee728b)  -> (artifact id: '219bec2a720b0967fe559b08df2e3a5d') in 0.039909 seconds 
========================================================================
Received Import Request.
  Time since last request: 0.000039 seconds.
  path: Assets/GamePalette.prefab
  artifactKey: Guid(55ba1c2e4159a0943a64b90962ced315) Importer(815301076,1909f56bfc062723c751e8b465ee728b)
Start importing Assets/GamePalette.prefab using Guid(55ba1c2e4159a0943a64b90962ced315) Importer(815301076,1909f56bfc062723c751e8b465ee728b)  -> (artifact id: '6f8d0913a39e8564e323866626b1af8d') in 0.021515 seconds 
========================================================================
Received Import Request.
  Time since last request: 260.117554 seconds.
  path: Assets/Art/Sprites/Environmnent/FloorBricksToGrassCorner.png
  artifactKey: Guid(2ff4c9799e22f1b4c95766cc11f47530) Importer(815301076,1909f56bfc062723c751e8b465ee728b)
Start importing Assets/Art/Sprites/Environmnent/FloorBricksToGrassCorner.png using Guid(2ff4c9799e22f1b4c95766cc11f47530) Importer(815301076,1909f56bfc062723c751e8b465ee728b)  -> (artifact id: '240c27312b85a8292c0f5d449d45fd8e') in 0.018767 seconds 
========================================================================
Received Import Request.
  Time since last request: 414.824627 seconds.
  path: Assets/Art/Sprites/Environmnent/FloorBricksToGrassCorner.png
  artifactKey: Guid(2ff4c9799e22f1b4c95766cc11f47530) Importer(815301076,1909f56bfc062723c751e8b465ee728b)
Start importing Assets/Art/Sprites/Environmnent/FloorBricksToGrassCorner.png using Guid(2ff4c9799e22f1b4c95766cc11f47530) Importer(815301076,1909f56bfc062723c751e8b465ee728b)  -> (artifact id: '82577348ca5691452ddc9d247d92513d') in 0.073136 seconds 
========================================================================
Received Import Request.
  Time since last request: 151.104664 seconds.
  path: Assets/Art/Sprites/Environmnent/FloorGrassToBricksCorner.png
  artifactKey: Guid(df0b6f9e93b65bc4792e6cf7849c5e37) Importer(815301076,1909f56bfc062723c751e8b465ee728b)
Start importing Assets/Art/Sprites/Environmnent/FloorGrassToBricksCorner.png using Guid(df0b6f9e93b65bc4792e6cf7849c5e37) Importer(815301076,1909f56bfc062723c751e8b465ee728b)  -> (artifact id: '61adf4e061bcfde42e53bd0c78b823fa') in 0.025397 seconds 
========================================================================
Received Import Request.
  Time since last request: 19.387108 seconds.
  path: Assets/Art/Sprites/Environmnent/FloorGrassToBricksCorner.png
  artifactKey: Guid(df0b6f9e93b65bc4792e6cf7849c5e37) Importer(815301076,1909f56bfc062723c751e8b465ee728b)
Start importing Assets/Art/Sprites/Environmnent/FloorGrassToBricksCorner.png using Guid(df0b6f9e93b65bc4792e6cf7849c5e37) Importer(815301076,1909f56bfc062723c751e8b465ee728b)  -> (artifact id: '212db0b81d5cf02ebda3c7083d923ed7') in 0.026479 seconds 
========================================================================
Received Import Request.
  Time since last request: 21.858122 seconds.
  path: Assets/Art/Sprites/Environmnent/FloorGrassToBricksSquare.png
  artifactKey: Guid(ae39c96545143eb41b1618200a550c81) Importer(815301076,1909f56bfc062723c751e8b465ee728b)
Start importing Assets/Art/Sprites/Environmnent/FloorGrassToBricksSquare.png using Guid(ae39c96545143eb41b1618200a550c81) Importer(815301076,1909f56bfc062723c751e8b465ee728b)  -> (artifact id: 'f2f6a1bbc95744837d2156c5d2c0a104') in 0.028272 seconds 
========================================================================
Received Import Request.
  Time since last request: 123.287237 seconds.
  path: Assets/Art/Sprites/Environmnent/FloorGrassToBricksCorner.png
  artifactKey: Guid(df0b6f9e93b65bc4792e6cf7849c5e37) Importer(815301076,1909f56bfc062723c751e8b465ee728b)
Start importing Assets/Art/Sprites/Environmnent/FloorGrassToBricksCorner.png using Guid(df0b6f9e93b65bc4792e6cf7849c5e37) Importer(815301076,1909f56bfc062723c751e8b465ee728b)  -> (artifact id: '8593bc4ab17bee2d12e40b560dc59564') in 0.444205 seconds 
========================================================================
Received Import Request.
  Time since last request: 108.290027 seconds.
  path: Assets/Art/Sprites/Environmnent/FloorWaterRoundCorners.png
  artifactKey: Guid(957383e82ad8601499ca4cac1dd1214a) Importer(815301076,1909f56bfc062723c751e8b465ee728b)
Start importing Assets/Art/Sprites/Environmnent/FloorWaterRoundCorners.png using Guid(957383e82ad8601499ca4cac1dd1214a) Importer(815301076,1909f56bfc062723c751e8b465ee728b)  -> (artifact id: '45afbc74b260cd8c5ce9e63e5d8439dc') in 0.016443 seconds 
========================================================================
Received Import Request.
  Time since last request: 7.111740 seconds.
  path: Assets/Art/Sprites/Environmnent/FloorWaterRoundCorners.png
  artifactKey: Guid(957383e82ad8601499ca4cac1dd1214a) Importer(815301076,1909f56bfc062723c751e8b465ee728b)
Start importing Assets/Art/Sprites/Environmnent/FloorWaterRoundCorners.png using Guid(957383e82ad8601499ca4cac1dd1214a) Importer(815301076,1909f56bfc062723c751e8b465ee728b)  -> (artifact id: '619fdb9408d57200e4d4b6fdcd5fc005') in 0.573610 seconds 
========================================================================
Received Prepare
Registering precompiled user dll's ...
Registered in 0.008532 seconds.
Begin MonoManager ReloadAssembly
Symbol file LoadedFromMemory doesn't match image C:\Users\Alloc\Desktop\RUBY\Tutorial Ruby\Library\PackageCache\com.unity.visualscripting@1.7.8\Editor\VisualScripting.Core\Dependencies\YamlDotNet\Unity.VisualScripting.YamlDotNet.dll
Symbol file LoadedFromMemory doesn't match image C:\Users\Alloc\Desktop\RUBY\Tutorial Ruby\Library\PackageCache\com.unity.visualscripting@1.7.8\Editor\VisualScripting.Core\Dependencies\DotNetZip\Unity.VisualScripting.IonicZip.dll
Native extension for UWP target not found
Native extension for WindowsStandalone target not found
Native extension for WebGL target not found
Refreshing native plugins compatible for Editor in 0.97 ms, found 4 plugins.
Preloading 0 native plugins for Editor in 0.00 ms.
Mono: successfully reloaded assembly
- Completed reload, in  2.502 seconds
Domain Reload Profiling:
	ReloadAssembly (2514ms)
		BeginReloadAssembly (1188ms)
			ExecutionOrderSort (0ms)
			DisableScriptedObjects (84ms)
			BackupInstance (0ms)
			ReleaseScriptingObjects (0ms)
			CreateAndSetChildDomain (737ms)
		EndReloadAssembly (1170ms)
			LoadAssemblies (260ms)
			RebuildTransferFunctionScriptingTraits (0ms)
			SetupTypeCache (412ms)
			ReleaseScriptCaches (2ms)
			RebuildScriptCaches (53ms)
			SetupLoadedEditorAssemblies (459ms)
				LogAssemblyErrors (0ms)
				InitializePlatformSupportModulesInManaged (31ms)
				SetLoadedEditorAssemblies (1ms)
				RefreshPlugins (1ms)
				BeforeProcessingInitializeOnLoad (94ms)
				ProcessInitializeOnLoadAttributes (262ms)
				ProcessInitializeOnLoadMethodAttributes (59ms)
				AfterProcessingInitializeOnLoad (9ms)
				EditorAssembliesLoaded (0ms)
			ExecutionOrderSort2 (0ms)
			AwakeInstancesAfterBackupRestoration (10ms)
Platform modules already initialized, skipping
Refreshing native plugins compatible for Editor in 3.10 ms, found 4 plugins.
Preloading 0 native plugins for Editor in 0.00 ms.
Unloading 4100 Unused Serialized files (Serialized files now loaded: 0)
Unloading 32 unused Assets / (190.5 KB). Loaded Objects now: 4604.
Memory consumption went from 157.0 MB to 156.8 MB.
Total: 23.356700 ms (FindLiveObjects: 0.407700 ms CreateObjectMapping: 0.113100 ms MarkObjects: 22.623900 ms  DeleteObjects: 0.210700 ms)

AssetImportParameters requested are different than current active one (requested -> active):
  custom:video-decoder-ogg-theora: a1e56fd34408186e4bbccfd4996cb3dc -> 
  custom:container-muxer-webm: aa71ff27fc2769a1b78a27578f13a17b -> 
  custom:container-demuxer-webm: 4f35f7cbe854078d1ac9338744f61a02 -> 
  custom:video-encoder-webm-vp8: eb34c28f22e8b96e1ab97ce403110664 -> 
  custom:video-codec-MediaFoundation-h265: 746d11721c4dcdbdad8f713fa42b33f4 -> 
  custom:audio-encoder-webm-vorbis: bf7c407c2cedff20999df2af8eb42d56 -> 
  custom:framework-win-MediaFoundation: 216162199b28c13a410421893ffa2e32 -> 
  custom:container-demuxer-ogg: 62fdf1f143b41e24485cea50d1cbac27 -> 
  custom:video-decoder-webm-vp8: 9c59270c3fd7afecdb556c50c9e8de78 -> 
  custom:audio-decoder-ogg-vorbis: bf7c407c2cedff20999df2af8eb42d56 -> 
========================================================================
Received Prepare
Registering precompiled user dll's ...
Registered in 0.009665 seconds.
Begin MonoManager ReloadAssembly
Symbol file LoadedFromMemory doesn't match image C:\Users\Alloc\Desktop\RUBY\Tutorial Ruby\Library\PackageCache\com.unity.visualscripting@1.7.8\Editor\VisualScripting.Core\Dependencies\YamlDotNet\Unity.VisualScripting.YamlDotNet.dll
Symbol file LoadedFromMemory doesn't match image C:\Users\Alloc\Desktop\RUBY\Tutorial Ruby\Library\PackageCache\com.unity.visualscripting@1.7.8\Editor\VisualScripting.Core\Dependencies\DotNetZip\Unity.VisualScripting.IonicZip.dll
Native extension for UWP target not found
Native extension for WindowsStandalone target not found
Native extension for WebGL target not found
Refreshing native plugins compatible for Editor in 1.03 ms, found 4 plugins.
Preloading 0 native plugins for Editor in 0.00 ms.
Mono: successfully reloaded assembly
- Completed reload, in  1.147 seconds
Domain Reload Profiling:
	ReloadAssembly (1148ms)
		BeginReloadAssembly (151ms)
			ExecutionOrderSort (0ms)
			DisableScriptedObjects (6ms)
			BackupInstance (0ms)
			ReleaseScriptingObjects (0ms)
			CreateAndSetChildDomain (42ms)
		EndReloadAssembly (887ms)
			LoadAssemblies (120ms)
			RebuildTransferFunctionScriptingTraits (0ms)
			SetupTypeCache (270ms)
			ReleaseScriptCaches (2ms)
			RebuildScriptCaches (51ms)
			SetupLoadedEditorAssemblies (401ms)
				LogAssemblyErrors (0ms)
				InitializePlatformSupportModulesInManaged (18ms)
				SetLoadedEditorAssemblies (1ms)
				RefreshPlugins (1ms)
				BeforeProcessingInitializeOnLoad (88ms)
				ProcessInitializeOnLoadAttributes (236ms)
				ProcessInitializeOnLoadMethodAttributes (47ms)
				AfterProcessingInitializeOnLoad (9ms)
				EditorAssembliesLoaded (0ms)
			ExecutionOrderSort2 (0ms)
			AwakeInstancesAfterBackupRestoration (10ms)
Platform modules already initialized, skipping
Refreshing native plugins compatible for Editor in 2.93 ms, found 4 plugins.
Preloading 0 native plugins for Editor in 0.00 ms.
Unloading 4100 Unused Serialized files (Serialized files now loaded: 0)
Unloading 32 unused Assets / (191.9 KB). Loaded Objects now: 4607.
Memory consumption went from 157.0 MB to 156.8 MB.
Total: 3.762300 ms (FindLiveObjects: 0.323700 ms CreateObjectMapping: 0.108300 ms MarkObjects: 3.172900 ms  DeleteObjects: 0.155600 ms)

AssetImportParameters requested are different than current active one (requested -> active):
  custom:video-decoder-ogg-theora: a1e56fd34408186e4bbccfd4996cb3dc -> 
  custom:container-muxer-webm: aa71ff27fc2769a1b78a27578f13a17b -> 
  custom:container-demuxer-webm: 4f35f7cbe854078d1ac9338744f61a02 -> 
  custom:video-encoder-webm-vp8: eb34c28f22e8b96e1ab97ce403110664 -> 
  custom:video-codec-MediaFoundation-h265: 746d11721c4dcdbdad8f713fa42b33f4 -> 
  custom:audio-encoder-webm-vorbis: bf7c407c2cedff20999df2af8eb42d56 -> 
  custom:framework-win-MediaFoundation: 216162199b28c13a410421893ffa2e32 -> 
  custom:container-demuxer-ogg: 62fdf1f143b41e24485cea50d1cbac27 -> 
  custom:video-decoder-webm-vp8: 9c59270c3fd7afecdb556c50c9e8de78 -> 
  custom:audio-decoder-ogg-vorbis: bf7c407c2cedff20999df2af8eb42d56 -> 
========================================================================
Received Prepare
Registering precompiled user dll's ...
Registered in 0.010719 seconds.
Begin MonoManager ReloadAssembly
Symbol file LoadedFromMemory doesn't match image C:\Users\Alloc\Desktop\RUBY\Tutorial Ruby\Library\PackageCache\com.unity.visualscripting@1.7.8\Editor\VisualScripting.Core\Dependencies\YamlDotNet\Unity.VisualScripting.YamlDotNet.dll
Symbol file LoadedFromMemory doesn't match image C:\Users\Alloc\Desktop\RUBY\Tutorial Ruby\Library\PackageCache\com.unity.visualscripting@1.7.8\Editor\VisualScripting.Core\Dependencies\DotNetZip\Unity.VisualScripting.IonicZip.dll
Native extension for UWP target not found
Native extension for WindowsStandalone target not found
Native extension for WebGL target not found
Refreshing native plugins compatible for Editor in 1.01 ms, found 4 plugins.
Preloading 0 native plugins for Editor in 0.00 ms.
Mono: successfully reloaded assembly
- Completed reload, in  1.324 seconds
Domain Reload Profiling:
	ReloadAssembly (1325ms)
		BeginReloadAssembly (161ms)
			ExecutionOrderSort (0ms)
			DisableScriptedObjects (7ms)
			BackupInstance (0ms)
			ReleaseScriptingObjects (0ms)
			CreateAndSetChildDomain (45ms)
		EndReloadAssembly (1024ms)
			LoadAssemblies (124ms)
			RebuildTransferFunctionScriptingTraits (0ms)
			SetupTypeCache (371ms)
			ReleaseScriptCaches (2ms)
			RebuildScriptCaches (52ms)
			SetupLoadedEditorAssemblies (430ms)
				LogAssemblyErrors (0ms)
				InitializePlatformSupportModulesInManaged (18ms)
				SetLoadedEditorAssemblies (0ms)
				RefreshPlugins (1ms)
				BeforeProcessingInitializeOnLoad (97ms)
				ProcessInitializeOnLoadAttributes (249ms)
				ProcessInitializeOnLoadMethodAttributes (52ms)
				AfterProcessingInitializeOnLoad (12ms)
				EditorAssembliesLoaded (0ms)
			ExecutionOrderSort2 (0ms)
			AwakeInstancesAfterBackupRestoration (12ms)
Platform modules already initialized, skipping
Refreshing native plugins compatible for Editor in 2.93 ms, found 4 plugins.
Preloading 0 native plugins for Editor in 0.00 ms.
Unloading 4100 Unused Serialized files (Serialized files now loaded: 0)
Unloading 32 unused Assets / (190.8 KB). Loaded Objects now: 4610.
Memory consumption went from 157.0 MB to 156.8 MB.
Total: 96.258100 ms (FindLiveObjects: 0.316500 ms CreateObjectMapping: 0.173000 ms MarkObjects: 95.586800 ms  DeleteObjects: 0.180000 ms)

AssetImportParameters requested are different than current active one (requested -> active):
  custom:video-decoder-ogg-theora: a1e56fd34408186e4bbccfd4996cb3dc -> 
  custom:container-muxer-webm: aa71ff27fc2769a1b78a27578f13a17b -> 
  custom:container-demuxer-webm: 4f35f7cbe854078d1ac9338744f61a02 -> 
  custom:video-encoder-webm-vp8: eb34c28f22e8b96e1ab97ce403110664 -> 
  custom:video-codec-MediaFoundation-h265: 746d11721c4dcdbdad8f713fa42b33f4 -> 
  custom:audio-encoder-webm-vorbis: bf7c407c2cedff20999df2af8eb42d56 -> 
  custom:framework-win-MediaFoundation: 216162199b28c13a410421893ffa2e32 -> 
  custom:container-demuxer-ogg: 62fdf1f143b41e24485cea50d1cbac27 -> 
  custom:video-decoder-webm-vp8: 9c59270c3fd7afecdb556c50c9e8de78 -> 
  custom:audio-decoder-ogg-vorbis: bf7c407c2cedff20999df2af8eb42d56 -> 
========================================================================
Received Import Request.
  Time since last request: 473.931914 seconds.
  path: Assets/FloorBricksToGrassCorner_0.asset
  artifactKey: Guid(246afbd8e5d62214484f5beb87dacbd9) Importer(815301076,1909f56bfc062723c751e8b465ee728b)
Start importing Assets/FloorBricksToGrassCorner_0.asset using Guid(246afbd8e5d62214484f5beb87dacbd9) Importer(815301076,1909f56bfc062723c751e8b465ee728b)  -> (artifact id: '170b4ebe3b529b98c2a629c0400badff') in 0.065591 seconds 
========================================================================
Received Import Request.
  Time since last request: 0.000032 seconds.
  path: Assets/FloorGrassToBricksCorner_8.asset
  artifactKey: Guid(8de621c67a10c9949b02806af1c76f63) Importer(815301076,1909f56bfc062723c751e8b465ee728b)
Start importing Assets/FloorGrassToBricksCorner_8.asset using Guid(8de621c67a10c9949b02806af1c76f63) Importer(815301076,1909f56bfc062723c751e8b465ee728b)  -> (artifact id: 'c4600483759ce266da71eba3808213ff') in 0.014658 seconds 
========================================================================
Received Import Request.
  Time since last request: 0.000034 seconds.
  path: Assets/FloorGrassToBricksCorner_7.asset
  artifactKey: Guid(979b428e1a234774e9ef40feeb0c857a) Importer(815301076,1909f56bfc062723c751e8b465ee728b)
Start importing Assets/FloorGrassToBricksCorner_7.asset using Guid(979b428e1a234774e9ef40feeb0c857a) Importer(815301076,1909f56bfc062723c751e8b465ee728b)  -> (artifact id: 'bcab4970ccf033a91778ac60867a583e') in 0.017662 seconds 
========================================================================
Received Import Request.
  Time since last request: 0.000030 seconds.
  path: Assets/FloorWaterRoundCorners_6.asset
  artifactKey: Guid(479275d435ad4fc449889be30b2ff356) Importer(815301076,1909f56bfc062723c751e8b465ee728b)
Start importing Assets/FloorWaterRoundCorners_6.asset using Guid(479275d435ad4fc449889be30b2ff356) Importer(815301076,1909f56bfc062723c751e8b465ee728b)  -> (artifact id: '6dc1ee67152b4eccb01bf7952b78791d') in 0.013102 seconds 
========================================================================
Received Import Request.
  Time since last request: 0.000029 seconds.
  path: Assets/FloorBricksToGrassCorner_6.asset
  artifactKey: Guid(e27ec7871675a7244b48ea73d240073f) Importer(815301076,1909f56bfc062723c751e8b465ee728b)
Start importing Assets/FloorBricksToGrassCorner_6.asset using Guid(e27ec7871675a7244b48ea73d240073f) Importer(815301076,1909f56bfc062723c751e8b465ee728b)  -> (artifact id: '243d120793e9f76d49e836af6aa9db36') in 0.011488 seconds 
========================================================================
Received Import Request.
  Time since last request: 0.000030 seconds.
  path: Assets/FloorBricksToGrassCorner_5.asset
  artifactKey: Guid(80a132b94cc772246a2d676cba55e4d7) Importer(815301076,1909f56bfc062723c751e8b465ee728b)
Start importing Assets/FloorBricksToGrassCorner_5.asset using Guid(80a132b94cc772246a2d676cba55e4d7) Importer(815301076,1909f56bfc062723c751e8b465ee728b)  -> (artifact id: 'ea801f5e6c5389df82fb548c6235694f') in 0.013204 seconds 
========================================================================
Received Import Request.
  Time since last request: 0.000023 seconds.
  path: Assets/FloorBricksToGrassCorner_2.asset
  artifactKey: Guid(186784af02edc444aaef79b637997669) Importer(815301076,1909f56bfc062723c751e8b465ee728b)
Start importing Assets/FloorBricksToGrassCorner_2.asset using Guid(186784af02edc444aaef79b637997669) Importer(815301076,1909f56bfc062723c751e8b465ee728b)  -> (artifact id: '739e42eda86e2bfa505798985eede52a') in 0.011617 seconds 
========================================================================
Received Import Request.
  Time since last request: 0.000022 seconds.
  path: Assets/FloorBricksToGrassCorner_3.asset
  artifactKey: Guid(415ba20e58654c743a06cd965b7a789a) Importer(815301076,1909f56bfc062723c751e8b465ee728b)
Start importing Assets/FloorBricksToGrassCorner_3.asset using Guid(415ba20e58654c743a06cd965b7a789a) Importer(815301076,1909f56bfc062723c751e8b465ee728b)  -> (artifact id: '4c045d37e789f7da52781291a08379c9') in 0.013311 seconds 
========================================================================
Received Import Request.
  Time since last request: 0.000019 seconds.
  path: Assets/FloorWaterRoundCorners_1.asset
  artifactKey: Guid(554d9495dfe801641901ede16131088a) Importer(815301076,1909f56bfc062723c751e8b465ee728b)
Start importing Assets/FloorWaterRoundCorners_1.asset using Guid(554d9495dfe801641901ede16131088a) Importer(815301076,1909f56bfc062723c751e8b465ee728b)  -> (artifact id: 'a018d360056b9dd66051da31e923b994') in 0.012146 seconds 
========================================================================
Received Import Request.
  Time since last request: 0.000022 seconds.
  path: Assets/FloorWaterRoundCorners_7.asset
  artifactKey: Guid(99e304f9e528084469a8bc044c86848c) Importer(815301076,1909f56bfc062723c751e8b465ee728b)
Start importing Assets/FloorWaterRoundCorners_7.asset using Guid(99e304f9e528084469a8bc044c86848c) Importer(815301076,1909f56bfc062723c751e8b465ee728b)  -> (artifact id: '6f5e9a6f883615275cf5b8731d5362f4') in 0.011875 seconds 
========================================================================
Received Import Request.
  Time since last request: 0.000020 seconds.
  path: Assets/FloorBricksToGrassCorner_7.asset
  artifactKey: Guid(ab35700e74c306a459f4b0cff4b09cb6) Importer(815301076,1909f56bfc062723c751e8b465ee728b)
Start importing Assets/FloorBricksToGrassCorner_7.asset using Guid(ab35700e74c306a459f4b0cff4b09cb6) Importer(815301076,1909f56bfc062723c751e8b465ee728b)  -> (artifact id: '6280cb5cfcc1bf1519e334c6f96f7c64') in 0.012604 seconds 
========================================================================
Received Import Request.
  Time since last request: 0.000023 seconds.
  path: Assets/FloorGrassToBricksCorner_5.asset
  artifactKey: Guid(a5c8d08b3e83b4c4b94502a69a5a38cb) Importer(815301076,1909f56bfc062723c751e8b465ee728b)
Start importing Assets/FloorGrassToBricksCorner_5.asset using Guid(a5c8d08b3e83b4c4b94502a69a5a38cb) Importer(815301076,1909f56bfc062723c751e8b465ee728b)  -> (artifact id: 'c6572b4c50dc26d3304b99debccccaae') in 0.012290 seconds 
========================================================================
Received Import Request.
  Time since last request: 0.000029 seconds.
  path: Assets/FloorWaterRoundCorners.asset
  artifactKey: Guid(887ce6a75c48b694f8254a22453d66c5) Importer(815301076,1909f56bfc062723c751e8b465ee728b)
Start importing Assets/FloorWaterRoundCorners.asset using Guid(887ce6a75c48b694f8254a22453d66c5) Importer(815301076,1909f56bfc062723c751e8b465ee728b)  -> (artifact id: 'ca5754e0eec0699b9e47b4ae1b873527') in 0.005913 seconds 
========================================================================
Received Import Request.
  Time since last request: 0.000026 seconds.
  path: Assets/FloorGrassToBricksCorner_1.asset
  artifactKey: Guid(d4ed853d1140ece43abd06f31b05025d) Importer(815301076,1909f56bfc062723c751e8b465ee728b)
Start importing Assets/FloorGrassToBricksCorner_1.asset using Guid(d4ed853d1140ece43abd06f31b05025d) Importer(815301076,1909f56bfc062723c751e8b465ee728b)  -> (artifact id: '9837c5caf263fc26612ee2ee801d8782') in 0.013705 seconds 
========================================================================
Received Import Request.
  Time since last request: 0.000029 seconds.
  path: Assets/FloorWaterRoundCorners_2.asset
  artifactKey: Guid(9a27c56343fb3ef4c8a51e840b8fda7b) Importer(815301076,1909f56bfc062723c751e8b465ee728b)
Start importing Assets/FloorWaterRoundCorners_2.asset using Guid(9a27c56343fb3ef4c8a51e840b8fda7b) Importer(815301076,1909f56bfc062723c751e8b465ee728b)  -> (artifact id: '65cc960161e51ba34bd820a0ff823f3f') in 0.012631 seconds 
========================================================================
Received Import Request.
  Time since last request: 0.000024 seconds.
  path: Assets/FloorWaterRoundCorners_3.asset
  artifactKey: Guid(269ac530ff26e074dab136f3f51da84d) Importer(815301076,1909f56bfc062723c751e8b465ee728b)
Start importing Assets/FloorWaterRoundCorners_3.asset using Guid(269ac530ff26e074dab136f3f51da84d) Importer(815301076,1909f56bfc062723c751e8b465ee728b)  -> (artifact id: '1b1d1a18ad14bf9d76eb2baa413baa20') in 0.011909 seconds 
========================================================================
Received Import Request.
  Time since last request: 0.000022 seconds.
  path: Assets/FloorBricksToGrassCorner_8.asset
  artifactKey: Guid(4c0f4a7d7fb26ee45b103e8a8dfef94f) Importer(815301076,1909f56bfc062723c751e8b465ee728b)
Start importing Assets/FloorBricksToGrassCorner_8.asset using Guid(4c0f4a7d7fb26ee45b103e8a8dfef94f) Importer(815301076,1909f56bfc062723c751e8b465ee728b)  -> (artifact id: '683db4a7ce2d51e8bb018ba72d979fcb') in 0.013186 seconds 
========================================================================
Received Import Request.
  Time since last request: 0.000023 seconds.
  path: Assets/FloorGrassToBricksCorner_3.asset
  artifactKey: Guid(b444669875ae61f49b71ca509e83efb1) Importer(815301076,1909f56bfc062723c751e8b465ee728b)
Start importing Assets/FloorGrassToBricksCorner_3.asset using Guid(b444669875ae61f49b71ca509e83efb1) Importer(815301076,1909f56bfc062723c751e8b465ee728b)  -> (artifact id: '6d592e7a5e563258184385b1790241dd') in 0.013129 seconds 
========================================================================
Received Import Request.
  Time since last request: 0.000021 seconds.
  path: Assets/FloorBricksToGrassCorner_4.asset
  artifactKey: Guid(781e090dcc2dfe7498e4cdf10700a6ce) Importer(815301076,1909f56bfc062723c751e8b465ee728b)
Start importing Assets/FloorBricksToGrassCorner_4.asset using Guid(781e090dcc2dfe7498e4cdf10700a6ce) Importer(815301076,1909f56bfc062723c751e8b465ee728b)  -> (artifact id: '7d0a687389d4077fc25cc5791f8849fb') in 0.012541 seconds 
========================================================================
Received Import Request.
  Time since last request: 0.000028 seconds.
  path: Assets/FloorGrassToBricksCorner_2.asset
  artifactKey: Guid(971770b2b37c4b845bd68acf902455de) Importer(815301076,1909f56bfc062723c751e8b465ee728b)
Start importing Assets/FloorGrassToBricksCorner_2.asset using Guid(971770b2b37c4b845bd68acf902455de) Importer(815301076,1909f56bfc062723c751e8b465ee728b)  -> (artifact id: 'e81bf99148c79b1e362836d78b077d7d') in 0.014207 seconds 
========================================================================
Received Import Request.
  Time since last request: 0.000039 seconds.
  path: Assets/FloorWaterRoundCorners_5.asset
  artifactKey: Guid(2687e4726f385c94f8d4eb9a3e2ab6a5) Importer(815301076,1909f56bfc062723c751e8b465ee728b)
Start importing Assets/FloorWaterRoundCorners_5.asset using Guid(2687e4726f385c94f8d4eb9a3e2ab6a5) Importer(815301076,1909f56bfc062723c751e8b465ee728b)  -> (artifact id: '0d80488b4ce85186497f341efe4dbb3e') in 0.017798 seconds 
========================================================================
Received Import Request.
  Time since last request: 0.000029 seconds.
  path: Assets/FloorGrassToBricksCorner.asset
  artifactKey: Guid(4ff61e1ef181a874fa3ff836cb5a8587) Importer(815301076,1909f56bfc062723c751e8b465ee728b)
Start importing Assets/FloorGrassToBricksCorner.asset using Guid(4ff61e1ef181a874fa3ff836cb5a8587) Importer(815301076,1909f56bfc062723c751e8b465ee728b)  -> (artifact id: 'fae0a8d1eb0007b9f6b698d2186b1872') in 0.006351 seconds 
========================================================================
Received Import Request.
  Time since last request: 0.000030 seconds.
  path: Assets/FloorWaterRoundCorners_8.asset
  artifactKey: Guid(4160c2b90f58bbb458c41878dd3ce723) Importer(815301076,1909f56bfc062723c751e8b465ee728b)
Start importing Assets/FloorWaterRoundCorners_8.asset using Guid(4160c2b90f58bbb458c41878dd3ce723) Importer(815301076,1909f56bfc062723c751e8b465ee728b)  -> (artifact id: '37d1d5b2c75b405619b37e1e89f6d6c8') in 0.020211 seconds 
========================================================================
Received Import Request.
  Time since last request: 0.000030 seconds.
  path: Assets/FloorGrassToBricksCorner_0.asset
  artifactKey: Guid(8b430ee874e03e4449d18591760d0c52) Importer(815301076,1909f56bfc062723c751e8b465ee728b)
Start importing Assets/FloorGrassToBricksCorner_0.asset using Guid(8b430ee874e03e4449d18591760d0c52) Importer(815301076,1909f56bfc062723c751e8b465ee728b)  -> (artifact id: '026573a81ee1b334685a1eb0915f82b5') in 0.016168 seconds 
========================================================================
Received Import Request.
  Time since last request: 0.000036 seconds.
  path: Assets/FloorGrassToBricksCorner_6.asset
  artifactKey: Guid(c4a8bb2ae6bacf445afddee20ed66d0c) Importer(815301076,1909f56bfc062723c751e8b465ee728b)
Start importing Assets/FloorGrassToBricksCorner_6.asset using Guid(c4a8bb2ae6bacf445afddee20ed66d0c) Importer(815301076,1909f56bfc062723c751e8b465ee728b)  -> (artifact id: '3ee6f0fdadfeb5ca63ef9a401e890e0c') in 0.015738 seconds 
Editor requested this worker to shutdown with reason: Scaling down because of idle timeout
AssetImportWorker is now disconnected from the server
Process exiting
Exiting without the bug reporter. Application will terminate with return code 0